2020.05.26 22:34:43.801 ERROR Errors - The user Pogba tried to log in
2020.05.26 22:37:23.559 ERROR Errors - The user Pogba tried to log in
2020.05.26 22:42:58.721 ERROR Errors - The user Pogba tried to log in
2020.05.27 14:18:07.713 ERROR Errors - The user Bradley tried to log in
2020.05.27 16:08:25.355 ERROR Errors - The user Turgeman tried to log in
2020.05.27 19:46:31.939 ERROR Errors - could not find the followers of the page in the DB
2020.05.27 19:47:53.095 ERROR Errors - could not find the followers of the page in the DB
2020.05.27 19:55:36.045 ERROR Errors - The event doesn't exist in the DB
2020.05.27 19:59:57.786 ERROR Errors - The event doesn't exist in the DB
2020.05.27 20:03:02.096 ERROR Errors - could not find the followers of the page in the DB
2020.05.27 20:16:41.625 ERROR Errors - could not find the followers of the page in the DB
2020.05.27 20:34:04.118 ERROR Errors - could not find the followers of the page in the DB
2020.05.27 20:37:58.359 ERROR Errors - could not find the followers of the page in the DB
2020.05.27 20:48:40.456 ERROR Errors - could not find the followers of the page in the DB
2020.05.27 20:51:04.753 ERROR Errors - could not find the followers of the page in the DB
2020.05.27 20:53:49.654 ERROR Errors - could not find the followers of the page in the DB
2020.05.27 21:05:56.806 ERROR Errors - The event doesn't exist in the DB
2020.05.27 21:06:44.669 ERROR Errors - The event doesn't exist in the DB
2020.05.27 21:43:11.815 ERROR Errors - The event doesn't exist in the DB
2020.05.27 21:43:47.633 ERROR Errors - The event doesn't exist in the DB
2020.05.27 21:44:13.613 ERROR Errors - The event doesn't exist in the DB
2020.05.27 21:44:38.144 ERROR Errors - The event doesn't exist in the DB
2020.05.27 21:47:01.104 ERROR Errors - The event doesn't exist in the DB
2020.05.27 21:49:06.190 ERROR Errors - The event doesn't exist in the DB
2020.05.27 21:49:51.328 ERROR Errors - The event doesn't exist in the DB
2020.05.27 21:52:47.810 ERROR Errors - The event doesn't exist in the DB
2020.05.27 21:56:14.587 ERROR Errors - The event doesn't exist in the DB
2020.05.27 22:09:14.114 ERROR Errors - The event doesn't exist in the DB
2020.05.27 22:18:55.448 ERROR Errors - The event doesn't exist in the DB
2020.05.27 22:39:46.084 ERROR Errors - The event doesn't exist in the DB
2020.05.27 22:39:46.085 ERROR Errors - could not find the players in the DB
2020.05.27 22:40:17.630 ERROR Errors - The event doesn't exist in the DB
2020.05.27 22:40:17.631 ERROR Errors - could not find the players in the DB
2020.05.27 22:40:32.692 ERROR Errors - The event doesn't exist in the DB
